
> authentic-furniture@0.1.0 build
> next build

[baseline-browser-mapping] The data in this module is over two months old.  To ensure accurate Baseline data, please update: `npm i baseline-browser-mapping@latest -D`
 ⚠ Warning: Next.js inferred your workspace root, but it may not be correct.
 We detected multiple lockfiles and selected the directory of C:\Users\phonex\package-lock.json as the root directory.
 To silence this warning, set `turbopack.root` in your Next.js config, or consider removing one of the lockfiles if it's not needed.
   See https://nextjs.org/docs/app/api-reference/config/next-config-js/turbopack#root-directory for more information.
 Detected additional lockfiles: 
   * C:\Users\phonex\Desktop\project\AuthenticFurniture\package-lock.json
   * C:\Users\phonex\Desktop\project\package-lock.json

   ▲ Next.js 16.0.4 (Turbopack)
   - Environments: .env.local

 ⚠ The "middleware" file convention is deprecated. Please use "proxy" instead. Learn more: https://nextjs.org/docs/messages/middleware-to-proxy
   Creating an optimized production build ...
[baseline-browser-mapping] The data in this module is over two months old.  To ensure accurate Baseline data, please update: `npm i baseline-browser-mapping@latest -D`
Browserslist: browsers data (caniuse-lite) is 6 months old. Please run:
  npx update-browserslist-db@latest
  Why you should do it regularly: https://github.com/browserslist/update-db#readme
 ✓ Compiled successfully in 29.5s
   Skipping validation of types
   Collecting page data using 11 workers ...
[baseline-browser-mapping] The data in this module is over two months old.  To ensure accurate Baseline data, please update: `npm i baseline-browser-mapping@latest -D`
[baseline-browser-mapping] The data in this module is over two months old.  To ensure accurate Baseline data, please update: `npm i baseline-browser-mapping@latest -D`
[baseline-browser-mapping] The data in this module is over two months old.  To ensure accurate Baseline data, please update: `npm i baseline-browser-mapping@latest -D`
[baseline-browser-mapping] The data in this module is over two months old.  To ensure accurate Baseline data, please update: `npm i baseline-browser-mapping@latest -D`
[baseline-browser-mapping] The data in this module is over two months old.  To ensure accurate Baseline data, please update: `npm i baseline-browser-mapping@latest -D`
[baseline-browser-mapping] The data in this module is over two months old.  To ensure accurate Baseline data, please update: `npm i baseline-browser-mapping@latest -D`
[baseline-browser-mapping] The data in this module is over two months old.  To ensure accurate Baseline data, please update: `npm i baseline-browser-mapping@latest -D`
[baseline-browser-mapping] The data in this module is over two months old.  To ensure accurate Baseline data, please update: `npm i baseline-browser-mapping@latest -D`
[baseline-browser-mapping] The data in this module is over two months old.  To ensure accurate Baseline data, please update: `npm i baseline-browser-mapping@latest -D`
[baseline-browser-mapping] The data in this module is over two months old.  To ensure accurate Baseline data, please update: `npm i baseline-browser-mapping@latest -D`
[baseline-browser-mapping] The data in this module is over two months old.  To ensure accurate Baseline data, please update: `npm i baseline-browser-mapping@latest -D`
✅ Supabase client created with direct config
✅ Supabase client created with direct config
✅ Supabase client created with direct config
✅ Supabase client created with direct config
✅ Supabase client created with direct config
🔧 Creating Supabase client with URL: https://nufciijehcapowhhggcl.supabase.co
✅ Supabase client created with direct config
🔧 Creating Supabase client with URL: https://nufciijehcapowhhggcl.supabase.co
✅ Supabase client created with direct config
🔧 Creating Supabase client with URL: https://nufciijehcapowhhggcl.supabase.co
✅ Supabase client created with direct config
🔧 Creating Supabase client with URL: https://nufciijehcapowhhggcl.supabase.co
✅ Supabase client created with direct config
🔧 Creating Supabase client with URL: https://nufciijehcapowhhggcl.supabase.co
   Generating static pages using 11 workers (0/50) ...
[baseline-browser-mapping] The data in this module is over two months old.  To ensure accurate Baseline data, please update: `npm i baseline-browser-mapping@latest -D`
[baseline-browser-mapping] The data in this module is over two months old.  To ensure accurate Baseline data, please update: `npm i baseline-browser-mapping@latest -D`
✅ Supabase client created with direct config
✅ Supabase client created with direct config
🔧 Creating Supabase client with URL: https://nufciijehcapowhhggcl.supabase.co
🔧 Creating Supabase client with URL: https://nufciijehcapowhhggcl.supabase.co
✅ Supabase client created with direct config
   Generating static pages using 11 workers (12/50) 
 ⨯ useSearchParams() should be wrapped in a suspense boundary at page "/admin/products". Read more: https://nextjs.org/docs/messages/missing-suspense-with-csr-bailout
    at S (C:\Users\phonex\Desktop\project\AuthenticFurniture\.next\server\chunks\ssr\2f9f2_next_dist_6b844b58._.js:2:2111)
    at p (C:\Users\phonex\Desktop\project\AuthenticFurniture\.next\server\chunks\ssr\2f9f2_next_f13ac2a2._.js:1:11464)
    at aw (C:\Users\phonex\Desktop\project\AuthenticFurniture\.next\server\chunks\ssr\Desktop_project_AuthenticFurniture_app_admin_products_page_tsx_4abf07a1._.js:1:66406)
    at ar (C:\Users\phonex\Desktop\project\AuthenticFurniture\node_modules\next\dist\compiled\next-server\app-page-turbo.runtime.prod.js:2:84366)
    at aa (C:\Users\phonex\Desktop\project\AuthenticFurniture\node_modules\next\dist\compiled\next-server\app-page-turbo.runtime.prod.js:2:86185)
    at as (C:\Users\phonex\Desktop\project\AuthenticFurniture\node_modules\next\dist\compiled\next-server\app-page-turbo.runtime.prod.js:2:107952)
    at ao (C:\Users\phonex\Desktop\project\AuthenticFurniture\node_modules\next\dist\compiled\next-server\app-page-turbo.runtime.prod.js:2:105374)
    at an (C:\Users\phonex\Desktop\project\AuthenticFurniture\node_modules\next\dist\compiled\next-server\app-page-turbo.runtime.prod.js:2:84718)
    at aa (C:\Users\phonex\Desktop\project\AuthenticFurniture\node_modules\next\dist\compiled\next-server\app-page-turbo.runtime.prod.js:2:86234)
    at aa (C:\Users\phonex\Desktop\project\AuthenticFurniture\node_modules\next\dist\compiled\next-server\app-page-turbo.runtime.prod.js:2:104714)
Error occurred prerendering page "/admin/products". Read more: https://nextjs.org/docs/messages/prerender-error
Export encountered an error on /admin/products/page: /admin/products, exiting the build.
 ⨯ Next.js build worker exited with code: 1 and signal: null
